<?xml version="1.0" encoding="UTF-8"?>
<testsuite name="org.springframework.cloud.servicebroker.mongodb.repository.MongoServiceInstanceRepositoryIntegrationTest" tests="2" failures="0" errors="0" timestamp="2016-10-24T19:50:04" hostname="dyn-11-116.boulder.pivotallabs.com" time="0.051">
  <properties/>
  <testcase name="instanceDeletedSuccessfully" classname="org.springframework.cloud.servicebroker.mongodb.repository.MongoServiceInstanceRepositoryIntegrationTest" time="0.028"/>
  <testcase name="instanceInsertedSuccessfully" classname="org.springframework.cloud.servicebroker.mongodb.repository.MongoServiceInstanceRepositoryIntegrationTest" time="0.023"/>
  <system-out><![CDATA[2016-10-24 13:50:04.453  INFO 12792 --- [    Test worker] o.s.t.c.support.AbstractContextLoader    : Could not detect default resource locations for test class [org.springframework.cloud.servicebroker.mongodb.IntegrationTestBase]: no resource found for suffixes {-context.xml, Context.groovy}.
2016-10-24 13:50:04.464  INFO 12792 --- [    Test worker] o.s.t.c.s.DefaultTestContextBootstrapper : Loaded default TestExecutionListener class names from location [META-INF/spring.factories]: [org.springframework.test.context.web.ServletTestExecutionListener, org.springframework.test.context.support.DirtiesContextBeforeModesTestExecutionListener, org.springframework.test.context.support.DependencyInjectionTestExecutionListener, org.springframework.test.context.support.DirtiesContextTestExecutionListener, org.springframework.test.context.transaction.TransactionalTestExecutionListener, org.springframework.test.context.jdbc.SqlScriptsTestExecutionListener]
2016-10-24 13:50:04.464  INFO 12792 --- [    Test worker] o.s.t.c.s.DefaultTestContextBootstrapper : Using TestExecutionListeners: [org.springframework.test.context.web.ServletTestExecutionListener@120d7b0e, org.springframework.test.context.support.DirtiesContextBeforeModesTestExecutionListener@338dcaa2, org.springframework.test.context.support.DependencyInjectionTestExecutionListener@7718cab3, org.springframework.test.context.support.DirtiesContextTestExecutionListener@2862b6ba, org.springframework.test.context.transaction.TransactionalTestExecutionListener@51ce6db3, org.springframework.test.context.jdbc.SqlScriptsTestExecutionListener@c4b65f2]
]]></system-out>
  <system-err><![CDATA[]]></system-err>
</testsuite>
