<?xml version="1.0" encoding="UTF-8"?>
<testsuite name="org.springframework.cloud.servicebroker.mongodb.service.MongoAdminServiceIntegrationTest" tests="6" failures="0" errors="0" timestamp="2016-10-24T19:50:04" hostname="dyn-11-116.boulder.pivotallabs.com" time="1.048">
  <properties/>
  <testcase name="instanceCreationIsSuccessful" classname="org.springframework.cloud.servicebroker.mongodb.service.MongoAdminServiceIntegrationTest" time="0.048"/>
  <testcase name="newUserCreatedSuccessfully" classname="org.springframework.cloud.servicebroker.mongodb.service.MongoAdminServiceIntegrationTest" time="0.264"/>
  <testcase name="databaseNameExists" classname="org.springframework.cloud.servicebroker.mongodb.service.MongoAdminServiceIntegrationTest" time="0.022"/>
  <testcase name="databaseNameDoesNotExist" classname="org.springframework.cloud.servicebroker.mongodb.service.MongoAdminServiceIntegrationTest" time="0.001"/>
  <testcase name="deleteUserSucceeds" classname="org.springframework.cloud.servicebroker.mongodb.service.MongoAdminServiceIntegrationTest" time="0.037"/>
  <testcase name="deleteDatabaseSucceeds" classname="org.springframework.cloud.servicebroker.mongodb.service.MongoAdminServiceIntegrationTest" time="0.063"/>
  <system-out><![CDATA[2016-10-24 13:50:04.521  INFO 12792 --- [    Test worker] o.s.t.c.support.AbstractContextLoader    : Could not detect default resource locations for test class [org.springframework.cloud.servicebroker.mongodb.IntegrationTestBase]: no resource found for suffixes {-context.xml, Context.groovy}.
2016-10-24 13:50:04.523  INFO 12792 --- [    Test worker] o.s.t.c.s.DefaultTestContextBootstrapper : Loaded default TestExecutionListener class names from location [META-INF/spring.factories]: [org.springframework.test.context.web.ServletTestExecutionListener, org.springframework.test.context.support.DirtiesContextBeforeModesTestExecutionListener, org.springframework.test.context.support.DependencyInjectionTestExecutionListener, org.springframework.test.context.support.DirtiesContextTestExecutionListener, org.springframework.test.context.transaction.TransactionalTestExecutionListener, org.springframework.test.context.jdbc.SqlScriptsTestExecutionListener]
2016-10-24 13:50:04.523  INFO 12792 --- [    Test worker] o.s.t.c.s.DefaultTestContextBootstrapper : Using TestExecutionListeners: [org.springframework.test.context.web.ServletTestExecutionListener@5f12cd17, org.springframework.test.context.support.DirtiesContextBeforeModesTestExecutionListener@7a320bc, org.springframework.test.context.support.DependencyInjectionTestExecutionListener@4fa2e14, org.springframework.test.context.support.DirtiesContextTestExecutionListener@8038c8, org.springframework.test.context.transaction.TransactionalTestExecutionListener@49b337ba, org.springframework.test.context.jdbc.SqlScriptsTestExecutionListener@570b58f0]
2016-10-24 13:50:04.833  INFO 12792 --- [    Test worker] s.c.a.AnnotationConfigApplicationContext : Closing org.springframework.context.annotation.AnnotationConfigApplicationContext@33a0e0a: startup date [Mon Oct 24 13:50:03 MDT 2016]; root of context hierarchy

  .   ____          _            __ _ _
 /\\ / ___'_ __ _ _(_)_ __  __ _ \ \ \ \
( ( )\___ | '_ | '_| | '_ \/ _` | \ \ \ \
 \\/  ___)| |_)| | | | | || (_| |  ) ) ) )
  '  |____| .__|_| |_|_| |_\__, | / / / /
 =========|_|==============|___/=/_/_/_/
 :: Spring Boot ::        (v1.3.1.RELEASE)

2016-10-24 13:50:04.873  INFO 12792 --- [    Test worker] c.s.m.s.MongoAdminServiceIntegrationTest : Starting MongoAdminServiceIntegrationTest on dyn-11-116.boulder.pivotallabs.com with PID 12792 (/Users/pivotal/workspace/cloudfoundry-mongodb-service-broker/build/classes/test started by pivotal in /Users/pivotal/workspace/cloudfoundry-mongodb-service-broker)
2016-10-24 13:50:04.873  INFO 12792 --- [    Test worker] c.s.m.s.MongoAdminServiceIntegrationTest : No active profile set, falling back to default profiles: default
2016-10-24 13:50:04.875  INFO 12792 --- [    Test worker] s.c.a.AnnotationConfigApplicationContext : Refreshing org.springframework.context.annotation.AnnotationConfigApplicationContext@624820fd: startup date [Mon Oct 24 13:50:04 MDT 2016]; root of context hierarchy
2016-10-24 13:50:05.166  INFO 12792 --- [    Test worker] c.s.m.s.MongoAdminServiceIntegrationTest : Started MongoAdminServiceIntegrationTest in 0.324 seconds (JVM running for 2.882)
2016-10-24 13:50:05.229  INFO 12792 --- [    Test worker] s.c.a.AnnotationConfigApplicationContext : Closing org.springframework.context.annotation.AnnotationConfigApplicationContext@624820fd: startup date [Mon Oct 24 13:50:04 MDT 2016]; root of context hierarchy

  .   ____          _            __ _ _
 /\\ / ___'_ __ _ _(_)_ __  __ _ \ \ \ \
( ( )\___ | '_ | '_| | '_ \/ _` | \ \ \ \
 \\/  ___)| |_)| | | | | || (_| |  ) ) ) )
  '  |____| .__|_| |_|_| |_\__, | / / / /
 =========|_|==============|___/=/_/_/_/
 :: Spring Boot ::        (v1.3.1.RELEASE)

2016-10-24 13:50:05.262  INFO 12792 --- [    Test worker] c.s.m.s.MongoAdminServiceIntegrationTest : Starting MongoAdminServiceIntegrationTest on dyn-11-116.boulder.pivotallabs.com with PID 12792 (/Users/pivotal/workspace/cloudfoundry-mongodb-service-broker/build/classes/test started by pivotal in /Users/pivotal/workspace/cloudfoundry-mongodb-service-broker)
2016-10-24 13:50:05.262  INFO 12792 --- [    Test worker] c.s.m.s.MongoAdminServiceIntegrationTest : No active profile set, falling back to default profiles: default
2016-10-24 13:50:05.263  INFO 12792 --- [    Test worker] s.c.a.AnnotationConfigApplicationContext : Refreshing org.springframework.context.annotation.AnnotationConfigApplicationContext@1dcf722d: startup date [Mon Oct 24 13:50:05 MDT 2016]; root of context hierarchy
2016-10-24 13:50:05.508  INFO 12792 --- [    Test worker] c.s.m.s.MongoAdminServiceIntegrationTest : Started MongoAdminServiceIntegrationTest in 0.275 seconds (JVM running for 3.224)
]]></system-out>
  <system-err><![CDATA[]]></system-err>
</testsuite>
